<?xml version="1.0" encoding="UTF-8"?>
<!-- Generated by org.testng.reporters.JUnitXMLReporter -->
<testsuite ignored="0" hostname="GSHYD-Q4DH444749" failures="0" tests="3" name="Amazon UI Tests" time="50.97" errors="0" timestamp="2025-03-29T00:15:33 IST">
  <testcase classname="tests.LoginTests" name="incorrectMailMessageAndCreateAccount" time="0.161"/>
  <testcase classname="tests.LoginTests" name="incorrectPasswordValidation" time="11.867"/>
  <testcase classname="tests.LoginTests" name="testAmazonLogin" time="23.301"/>
</testsuite> <!-- Amazon UI Tests -->
