<?xml version="1.0" encoding="UTF-8"?>
<!-- Generated by org.testng.reporters.JUnitXMLReporter -->
<testsuite ignored="0" hostname="GSHYD-Q4DH444749" failures="0" tests="3" name="Default test" time="60.141" errors="0" timestamp="2025-04-18T22:55:30 IST">
  <testcase classname="tests.LoginTests" name="performLogin" time="2.261"/>
  <testcase classname="tests.LoginTests" name="performLogin" time="15.673"/>
  <testcase classname="tests.LoginTests" name="performLogin" time="25.866"/>
</testsuite> <!-- Default test -->
