<?xml version="1.0" encoding="UTF-8"?>
<!-- Generated by org.testng.reporters.JUnitXMLReporter -->
<testsuite ignored="0" hostname="GSHYD-Q4DH444749" failures="0" tests="3" name="Default test" time="93.471" errors="0" timestamp="2025-04-10T17:55:05 IST">
  <testcase classname="tests.LoginTests" name="performLogin" time="2.24"/>
  <testcase classname="tests.LoginTests" name="performLogin" time="15.529"/>
  <testcase classname="tests.LoginTests" name="performLogin" time="37.363"/>
</testsuite> <!-- Default test -->
