<?xml version="1.0" encoding="UTF-8"?>
<testng-results ignored="0" total="3" passed="3" failed="0" skipped="0">
  <reporter-output>
  </reporter-output>
  <suite started-at="2025-03-29T00:46:45 IST" name="Default suite" finished-at="2025-03-29T00:47:37 IST" duration-ms="51561">
    <groups>
    </groups>
    <test started-at="2025-03-29T00:46:45 IST" name="Default test" finished-at="2025-03-29T00:47:37 IST" duration-ms="51561">
      <class name="tests.LoginTests">
        <test-method is-config="true" signature="initPages()[pri:0, instance:tests.LoginTests@1ed4ae0f]" started-at="2025-03-29T00:46:45 IST" name="initPages" finished-at="2025-03-29T00:46:51 IST" duration-ms="5545" status="PASS">
          <reporter-output>
          </reporter-output>
        </test-method> <!-- initPages -->
        <test-method signature="performLogin(java.lang.String,java.lang.String)[pri:0, instance:tests.LoginTests@1ed4ae0f]" started-at="2025-03-29T00:46:51 IST" name="performLogin" data-provider="loginTestData" finished-at="2025-03-29T00:46:51 IST" duration-ms="187" status="PASS">
          <params>
            <param index="0">
              <value>
                <![CDATA[ffasozfljvdno]]>
              </value>
            </param>
            <param index="1">
              <value>
                <![CDATA[ZebaFarhana@786]]>
              </value>
            </param>
          </params>
          <reporter-output>
          </reporter-output>
        </test-method> <!-- performLogin -->
        <test-method is-config="true" signature="tearDownTest()[pri:0, instance:tests.LoginTests@1ed4ae0f]" started-at="2025-03-29T00:46:51 IST" name="tearDownTest" finished-at="2025-03-29T00:46:51 IST" duration-ms="170" status="PASS">
          <reporter-output>
          </reporter-output>
        </test-method> <!-- tearDownTest -->
        <test-method is-config="true" signature="initPages()[pri:0, instance:tests.LoginTests@1ed4ae0f]" started-at="2025-03-29T00:46:51 IST" name="initPages" finished-at="2025-03-29T00:46:57 IST" duration-ms="5324" status="PASS">
          <reporter-output>
          </reporter-output>
        </test-method> <!-- initPages -->
        <test-method signature="performLogin(java.lang.String,java.lang.String)[pri:0, instance:tests.LoginTests@1ed4ae0f]" started-at="2025-03-29T00:46:57 IST" name="performLogin" data-provider="loginTestData" finished-at="2025-03-29T00:47:08 IST" duration-ms="11857" status="PASS">
          <params>
            <param index="0">
              <value>
                <![CDATA[mdsufiyan99999@gmail.com]]>
              </value>
            </param>
            <param index="1">
              <value>
                <![CDATA[Test@123]]>
              </value>
            </param>
          </params>
          <reporter-output>
          </reporter-output>
        </test-method> <!-- performLogin -->
        <test-method is-config="true" signature="tearDownTest()[pri:0, instance:tests.LoginTests@1ed4ae0f]" started-at="2025-03-29T00:47:08 IST" name="tearDownTest" finished-at="2025-03-29T00:47:09 IST" duration-ms="211" status="PASS">
          <reporter-output>
          </reporter-output>
        </test-method> <!-- tearDownTest -->
        <test-method is-config="true" signature="initPages()[pri:0, instance:tests.LoginTests@1ed4ae0f]" started-at="2025-03-29T00:47:09 IST" name="initPages" finished-at="2025-03-29T00:47:13 IST" duration-ms="4685" status="PASS">
          <reporter-output>
          </reporter-output>
        </test-method> <!-- initPages -->
        <test-method signature="performLogin(java.lang.String,java.lang.String)[pri:0, instance:tests.LoginTests@1ed4ae0f]" started-at="2025-03-29T00:47:13 IST" name="performLogin" data-provider="loginTestData" finished-at="2025-03-29T00:47:37 IST" duration-ms="23324" status="PASS">
          <params>
            <param index="0">
              <value>
                <![CDATA[mdsufiyan99999@gmail.com]]>
              </value>
            </param>
            <param index="1">
              <value>
                <![CDATA[ZebaFarhana@786]]>
              </value>
            </param>
          </params>
          <reporter-output>
          </reporter-output>
        </test-method> <!-- performLogin -->
        <test-method is-config="true" signature="tearDownTest()[pri:0, instance:tests.LoginTests@1ed4ae0f]" started-at="2025-03-29T00:47:37 IST" name="tearDownTest" finished-at="2025-03-29T00:47:37 IST" duration-ms="218" status="PASS">
          <reporter-output>
          </reporter-output>
        </test-method> <!-- tearDownTest -->
      </class> <!-- tests.LoginTests -->
    </test> <!-- Default test -->
  </suite> <!-- Default suite -->
</testng-results>
