<?xml version="1.0" encoding="UTF-8"?>
<testng-results ignored="0" total="3" passed="3" failed="0" skipped="0">
  <reporter-output>
  </reporter-output>
  <suite started-at="2025-03-29T03:02:41 IST" name="Default suite" finished-at="2025-03-29T03:03:36 IST" duration-ms="54397">
    <groups>
    </groups>
    <test started-at="2025-03-29T03:02:41 IST" name="Default test" finished-at="2025-03-29T03:03:36 IST" duration-ms="54397">
      <class name="tests.LoginTests">
        <test-method is-config="true" signature="initPages()[pri:0, instance:tests.LoginTests@7526515b]" started-at="2025-03-29T03:02:41 IST" name="initPages" finished-at="2025-03-29T03:02:46 IST" duration-ms="4918" status="PASS">
          <reporter-output>
          </reporter-output>
        </test-method> <!-- initPages -->
        <test-method signature="performLogin(java.lang.String,java.lang.String)[pri:0, instance:tests.LoginTests@7526515b]" started-at="2025-03-29T03:02:46 IST" name="performLogin" data-provider="loginTestData" finished-at="2025-03-29T03:02:49 IST" duration-ms="2194" status="PASS">
          <params>
            <param index="0">
              <value>
                <![CDATA[ffasozfljvdno]]>
              </value>
            </param>
            <param index="1">
              <value>
                <![CDATA[ZebaFarhana@786]]>
              </value>
            </param>
          </params>
          <reporter-output>
          </reporter-output>
        </test-method> <!-- performLogin -->
        <test-method is-config="true" signature="tearDownTest()[pri:0, instance:tests.LoginTests@7526515b]" started-at="2025-03-29T03:02:49 IST" name="tearDownTest" finished-at="2025-03-29T03:02:49 IST" duration-ms="200" status="PASS">
          <reporter-output>
          </reporter-output>
        </test-method> <!-- tearDownTest -->
        <test-method is-config="true" signature="initPages()[pri:0, instance:tests.LoginTests@7526515b]" started-at="2025-03-29T03:02:49 IST" name="initPages" finished-at="2025-03-29T03:02:53 IST" duration-ms="4428" status="PASS">
          <reporter-output>
          </reporter-output>
        </test-method> <!-- initPages -->
        <test-method signature="performLogin(java.lang.String,java.lang.String)[pri:0, instance:tests.LoginTests@7526515b]" started-at="2025-03-29T03:02:53 IST" name="performLogin" data-provider="loginTestData" finished-at="2025-03-29T03:03:07 IST" duration-ms="13318" status="PASS">
          <params>
            <param index="0">
              <value>
                <![CDATA[mdsufiyan99999@gmail.com]]>
              </value>
            </param>
            <param index="1">
              <value>
                <![CDATA[Test@123]]>
              </value>
            </param>
          </params>
          <reporter-output>
          </reporter-output>
        </test-method> <!-- performLogin -->
        <test-method is-config="true" signature="tearDownTest()[pri:0, instance:tests.LoginTests@7526515b]" started-at="2025-03-29T03:03:07 IST" name="tearDownTest" finished-at="2025-03-29T03:03:07 IST" duration-ms="220" status="PASS">
          <reporter-output>
          </reporter-output>
        </test-method> <!-- tearDownTest -->
        <test-method is-config="true" signature="initPages()[pri:0, instance:tests.LoginTests@7526515b]" started-at="2025-03-29T03:03:07 IST" name="initPages" finished-at="2025-03-29T03:03:11 IST" duration-ms="4305" status="PASS">
          <reporter-output>
          </reporter-output>
        </test-method> <!-- initPages -->
        <test-method signature="performLogin(java.lang.String,java.lang.String)[pri:0, instance:tests.LoginTests@7526515b]" started-at="2025-03-29T03:03:11 IST" name="performLogin" data-provider="loginTestData" finished-at="2025-03-29T03:03:36 IST" duration-ms="24564" status="PASS">
          <params>
            <param index="0">
              <value>
                <![CDATA[mdsufiyan99999@gmail.com]]>
              </value>
            </param>
            <param index="1">
              <value>
                <![CDATA[ZebaFarhana@786]]>
              </value>
            </param>
          </params>
          <reporter-output>
          </reporter-output>
        </test-method> <!-- performLogin -->
        <test-method is-config="true" signature="tearDownTest()[pri:0, instance:tests.LoginTests@7526515b]" started-at="2025-03-29T03:03:36 IST" name="tearDownTest" finished-at="2025-03-29T03:03:36 IST" duration-ms="219" status="PASS">
          <reporter-output>
          </reporter-output>
        </test-method> <!-- tearDownTest -->
      </class> <!-- tests.LoginTests -->
    </test> <!-- Default test -->
  </suite> <!-- Default suite -->
</testng-results>
